Determining if the pthread_create exist failed with the following output:
Change Dir: /home/srinath/zed/build/CMakeFiles/CMakeTmp

Run Build Command:"/usr/bin/make" "cmTC_6be32/fast"
/usr/bin/make -f CMakeFiles/cmTC_6be32.dir/build.make CMakeFiles/cmTC_6be32.dir/build
make[1]: Entering directory '/home/srinath/zed/build/CMakeFiles/CMakeTmp'
Building C object CMakeFiles/cmTC_6be32.dir/CheckSymbolExists.c.o
/usr/bin/cc     -o CMakeFiles/cmTC_6be32.dir/CheckSymbolExists.c.o   -c /home/srinath/zed/build/CMakeFiles/CMakeTmp/CheckSymbolExists.c
Linking C executable cmTC_6be32
/usr/bin/cmake -E cmake_link_script CMakeFiles/cmTC_6be32.dir/link.txt --verbose=1
/usr/bin/cc       CMakeFiles/cmTC_6be32.dir/CheckSymbolExists.c.o  -o cmTC_6be32 -rdynamic 
CMakeFiles/cmTC_6be32.dir/CheckSymbolExists.c.o: In function `main':
CheckSymbolExists.c:(.text+0x16): undefined reference to `pthread_create'
collect2: error: ld returned 1 exit status
CMakeFiles/cmTC_6be32.dir/build.make:97: recipe for target 'cmTC_6be32' failed
make[1]: *** [cmTC_6be32] Error 1
make[1]: Leaving directory '/home/srinath/zed/build/CMakeFiles/CMakeTmp'
Makefile:126: recipe for target 'cmTC_6be32/fast' failed
make: *** [cmTC_6be32/fast] Error 2

File /home/srinath/zed/build/CMakeFiles/CMakeTmp/CheckSymbolExists.c:
/* */
#include <pthread.h>

int main(int argc, char** argv)
{
  (void)argv;
#ifndef pthread_create
  return ((int*)(&pthread_create))[argc];
#else
  (void)argc;
  return 0;
#endif
}

Determining if the function pthread_create exists in the pthreads failed with the following output:
Change Dir: /home/srinath/zed/build/CMakeFiles/CMakeTmp

Run Build Command:"/usr/bin/make" "cmTC_dee77/fast"
/usr/bin/make -f CMakeFiles/cmTC_dee77.dir/build.make CMakeFiles/cmTC_dee77.dir/build
make[1]: Entering directory '/home/srinath/zed/build/CMakeFiles/CMakeTmp'
Building C object CMakeFiles/cmTC_dee77.dir/CheckFunctionExists.c.o
/usr/bin/cc    -DCHECK_FUNCTION_EXISTS=pthread_create   -o CMakeFiles/cmTC_dee77.dir/CheckFunctionExists.c.o   -c /usr/share/cmake-3.5/Modules/CheckFunctionExists.c
Linking C executable cmTC_dee77
/usr/bin/cmake -E cmake_link_script CMakeFiles/cmTC_dee77.dir/link.txt --verbose=1
/usr/bin/cc   -DCHECK_FUNCTION_EXISTS=pthread_create    CMakeFiles/cmTC_dee77.dir/CheckFunctionExists.c.o  -o cmTC_dee77 -rdynamic -lpthreads 
/usr/bin/ld: cannot find -lpthreads
collect2: error: ld returned 1 exit status
CMakeFiles/cmTC_dee77.dir/build.make:97: recipe for target 'cmTC_dee77' failed
make[1]: *** [cmTC_dee77] Error 1
make[1]: Leaving directory '/home/srinath/zed/build/CMakeFiles/CMakeTmp'
Makefile:126: recipe for target 'cmTC_dee77/fast' failed
make: *** [cmTC_dee77/fast] Error 2


