Determining if the pthread_create exist failed with the following output:
Change Dir: /home/srinath/catkin_thesis/build/CMakeFiles/CMakeTmp

Run Build Command:"/usr/bin/make" "cmTC_a7bba/fast"
/usr/bin/make -f CMakeFiles/cmTC_a7bba.dir/build.make CMakeFiles/cmTC_a7bba.dir/build
make[1]: Entering directory '/home/srinath/catkin_thesis/build/CMakeFiles/CMakeTmp'
Building C object CMakeFiles/cmTC_a7bba.dir/CheckSymbolExists.c.o
/usr/bin/cc     -o CMakeFiles/cmTC_a7bba.dir/CheckSymbolExists.c.o   -c /home/srinath/catkin_thesis/build/CMakeFiles/CMakeTmp/CheckSymbolExists.c
Linking C executable cmTC_a7bba
/usr/bin/cmake -E cmake_link_script CMakeFiles/cmTC_a7bba.dir/link.txt --verbose=1
/usr/bin/cc       CMakeFiles/cmTC_a7bba.dir/CheckSymbolExists.c.o  -o cmTC_a7bba -rdynamic 
CMakeFiles/cmTC_a7bba.dir/CheckSymbolExists.c.o: In function `main':
CheckSymbolExists.c:(.text+0x16): undefined reference to `pthread_create'
collect2: error: ld returned 1 exit status
CMakeFiles/cmTC_a7bba.dir/build.make:97: recipe for target 'cmTC_a7bba' failed
make[1]: *** [cmTC_a7bba] Error 1
make[1]: Leaving directory '/home/srinath/catkin_thesis/build/CMakeFiles/CMakeTmp'
Makefile:126: recipe for target 'cmTC_a7bba/fast' failed
make: *** [cmTC_a7bba/fast] Error 2

File /home/srinath/catkin_thesis/build/CMakeFiles/CMakeTmp/CheckSymbolExists.c:
/* */
#include <pthread.h>

int main(int argc, char** argv)
{
  (void)argv;
#ifndef pthread_create
  return ((int*)(&pthread_create))[argc];
#else
  (void)argc;
  return 0;
#endif
}

Determining if the function pthread_create exists in the pthreads failed with the following output:
Change Dir: /home/srinath/catkin_thesis/build/CMakeFiles/CMakeTmp

Run Build Command:"/usr/bin/make" "cmTC_d6ead/fast"
/usr/bin/make -f CMakeFiles/cmTC_d6ead.dir/build.make CMakeFiles/cmTC_d6ead.dir/build
make[1]: Entering directory '/home/srinath/catkin_thesis/build/CMakeFiles/CMakeTmp'
Building C object CMakeFiles/cmTC_d6ead.dir/CheckFunctionExists.c.o
/usr/bin/cc    -DCHECK_FUNCTION_EXISTS=pthread_create   -o CMakeFiles/cmTC_d6ead.dir/CheckFunctionExists.c.o   -c /usr/share/cmake-3.5/Modules/CheckFunctionExists.c
Linking C executable cmTC_d6ead
/usr/bin/cmake -E cmake_link_script CMakeFiles/cmTC_d6ead.dir/link.txt --verbose=1
/usr/bin/cc   -DCHECK_FUNCTION_EXISTS=pthread_create    CMakeFiles/cmTC_d6ead.dir/CheckFunctionExists.c.o  -o cmTC_d6ead -rdynamic -lpthreads 
/usr/bin/ld: cannot find -lpthreads
collect2: error: ld returned 1 exit status
CMakeFiles/cmTC_d6ead.dir/build.make:97: recipe for target 'cmTC_d6ead' failed
make[1]: *** [cmTC_d6ead] Error 1
make[1]: Leaving directory '/home/srinath/catkin_thesis/build/CMakeFiles/CMakeTmp'
Makefile:126: recipe for target 'cmTC_d6ead/fast' failed
make: *** [cmTC_d6ead/fast] Error 2


